2018-03-28T08:54:47.292Z - normal: Load ~/.CocosCreator/settings.json
2018-03-28T08:54:47.294Z - normal: checking language setting...
2018-03-28T08:54:47.294Z - normal: Language: zh
2018-03-28T08:54:48.012Z - success: protocol editor-framework registered
2018-03-28T08:54:48.013Z - success: protocol app registered
2018-03-28T08:54:48.013Z - success: protocol theme registered
2018-03-28T08:54:48.013Z - success: protocol packages registered
2018-03-28T08:54:48.013Z - success: protocol unpack registerred
2018-03-28T08:54:48.013Z - success: protocol disable-commonjs registerred
2018-03-28T08:54:48.132Z - normal: connected!
2018-03-28T08:54:48.134Z - normal: Check project /Users/lidongdong/Documents/CocosCreater/2048_ldd
2018-03-28T08:54:48.135Z - normal: Initializing Cocos2d
2018-03-28T08:54:48.383Z - normal: Initializing Asset Database
2018-03-28T08:54:48.412Z - success: protocol uuid registerred
2018-03-28T08:54:48.412Z - success: protocol db registerred
2018-03-28T08:54:48.412Z - success: protocol thumbnail registerred
2018-03-28T08:54:48.413Z - normal: Loading editor/builtin packages
2018-03-28T08:54:48.430Z - success: anysdk loaded
2018-03-28T08:54:48.530Z - success: assets loaded
2018-03-28T08:54:48.535Z - success: builder loaded
2018-03-28T08:54:48.536Z - success: cocos-analytics loaded
2018-03-28T08:54:48.540Z - success: console loaded
2018-03-28T08:54:48.568Z - success: fb-instant-games loaded
2018-03-28T08:54:48.571Z - success: hierarchy loaded
2018-03-28T08:54:48.575Z - success: inspector loaded
2018-03-28T08:54:48.577Z - success: keystore loaded
2018-03-28T08:54:48.584Z - success: node-library loaded
2018-03-28T08:54:48.587Z - success: package-asset loaded
2018-03-28T08:54:48.591Z - success: preferences loaded
2018-03-28T08:54:48.594Z - success: project-exporter loaded
2018-03-28T08:54:48.607Z - success: project-importer loaded
2018-03-28T08:54:48.610Z - success: project-settings loaded
2018-03-28T08:54:48.614Z - success: ui-kit loaded
2018-03-28T08:54:48.618Z - success: ui-grid loaded
2018-03-28T08:54:48.621Z - success: scene loaded
2018-03-28T08:54:48.622Z - success: sprite-editor loaded
2018-03-28T08:54:48.626Z - success: store loaded
2018-03-28T08:54:48.631Z - success: timeline loaded
2018-03-28T08:54:48.631Z - normal: Loading builtin packages
2018-03-28T08:54:48.634Z - success: asset-db-debugger loaded
2018-03-28T08:54:48.635Z - success: color-picker loaded
2018-03-28T08:54:48.638Z - success: package-manager loaded
2018-03-28T08:54:48.642Z - success: sdkbox loaded
2018-03-28T08:54:48.647Z - success: tester loaded
2018-03-28T08:54:48.650Z - success: ui-kit-preview-extra loaded
2018-03-28T08:54:48.653Z - success: ui-kit-preview loaded
2018-03-28T08:54:48.656Z - success: ui-tree loaded
2018-03-28T08:54:49.525Z - normal: Initializing project /Users/lidongdong/Documents/CocosCreater/2048_ldd
2018-03-28T08:54:49.528Z - normal: Loading packages
2018-03-28T08:54:49.532Z - normal: Watching packages
2018-03-28T08:54:49.543Z - normal: Run Application
2018-03-28T08:54:50.010Z - success: preview server running at http://localhost:7457
2018-03-28T08:54:53.942Z - normal: 1.9.0
2018-03-28T09:01:45.854Z - success: API data generated and copied to /Users/lidongdong/Documents/CocosCreater/2048_ldd/creator.d.ts
2018-03-28T09:01:50.951Z - success: VS Code extension installed to /Users/lidongdong/.vscode/extensions
2018-03-28T09:01:57.934Z - success: Chrome debug setting has been updated to .vscode/launch.json, please install Debugger for Chrome VS Code extension to debug your project.
2018-03-28T09:02:03.250Z - success: Compiling task has been added to .vscode/tasks.json, please run "compile" task in VS Code to trigger compile in Cocos Creator.
2018-03-28T09:49:40.773Z - info: shutdown preview server
